{
  "stats": {
    "suites": 2,
    "tests": 20,
    "passes": 20,
    "pending": 0,
    "failures": 0,
    "start": "2025-08-22T00:24:06.518Z",
    "end": "2025-08-22T00:24:06.650Z",
    "duration": 132,
    "testsRegistered": 20,
    "passPercent": 100,
    "pendingPercent": 0,
    "other": 0,
    "hasOther": false,
    "skipped": 0,
    "hasSkipped": false
  },
  "results": [
    {
      "uuid": "2542f957-3a91-495c-a6f6-764f8c280131",
      "title": "",
      "fullFile": "C:\\Projetos\\Mentoria 2.0\\portfolio_pessoal\\api-tests\\tests\\cadastro.de.usuario.test.js",
      "file": "\\tests\\cadastro.de.usuario.test.js",
      "beforeHooks": [],
      "afterHooks": [],
      "tests": [],
      "suites": [
        {
          "uuid": "e6e86468-7213-4fa2-9095-45746069fe07",
          "title": "Cadastro de usuário",
          "fullFile": "C:\\Projetos\\Mentoria 2.0\\portfolio_pessoal\\api-tests\\tests\\cadastro.de.usuario.test.js",
          "file": "\\tests\\cadastro.de.usuario.test.js",
          "beforeHooks": [],
          "afterHooks": [],
          "tests": [],
          "suites": [
            {
              "uuid": "b9812a4b-83a0-4d78-b74c-d676b7df092c",
              "title": "POST / Cadastro de usuário",
              "fullFile": "C:\\Projetos\\Mentoria 2.0\\portfolio_pessoal\\api-tests\\tests\\cadastro.de.usuario.test.js",
              "file": "\\tests\\cadastro.de.usuario.test.js",
              "beforeHooks": [],
              "afterHooks": [],
              "tests": [
                {
                  "title": "Cadastro de usuário com sucesso deverá retornar o ID do usuário",
                  "fullTitle": "Cadastro de usuário POST / Cadastro de usuário Cadastro de usuário com sucesso deverá retornar o ID do usuário",
                  "timedOut": false,
                  "duration": 57,
                  "state": "passed",
                  "speed": "medium",
                  "pass": true,
                  "fail": false,
                  "pending": false,
                  "context": null,
                  "code": "const novoUsuario = gerarUsuarioFalso()\nconst response = await request(process.env.BASE_URL)\n    .post('/users')\n    .set('Content-Type', 'application/json')\n    .send(novoUsuario)\nexpect(response.status).to.be.equal(201)\nexpect(response.body.message).to.equal('Usuário cadastrado com sucesso')",
                  "err": {},
                  "uuid": "904ad720-c183-4fe8-ba46-5cee50cfa589",
                  "parentUUID": "b9812a4b-83a0-4d78-b74c-d676b7df092c",
                  "isHook": false,
                  "skipped": false
                },
                {
                  "title": "Não deverá permitir cadastro de usuário com CPF duplicado",
                  "fullTitle": "Cadastro de usuário POST / Cadastro de usuário Não deverá permitir cadastro de usuário com CPF duplicado",
                  "timedOut": false,
                  "duration": 7,
                  "state": "passed",
                  "speed": "fast",
                  "pass": true,
                  "fail": false,
                  "pending": false,
                  "context": null,
                  "code": "const novoUsuario1 = gerarUsuarioFalso();\nconst novoUsuario2 = { ...novoUsuario1, nome: \"João Silva\" }; // Novo usuário com o mesmo CPF duplicado\nawait request(process.env.BASE_URL)\n    .post('/users')\n    .set('Content-Type', 'application/json')\n    .send(novoUsuario1)\nconst response = await request(process.env.BASE_URL)\n    .post('/users')\n    .set('Content-Type', 'application/json')\n    .send(novoUsuario2)\nexpect(response.status).to.be.equal(409)\nexpect(response.body.message).to.equal('Já existe um usuário com este CPF.')",
                  "err": {},
                  "uuid": "9b91d608-804d-4554-8dde-d083ac44bab1",
                  "parentUUID": "b9812a4b-83a0-4d78-b74c-d676b7df092c",
                  "isHook": false,
                  "skipped": false
                },
                {
                  "title": "Não deverá permitir cadastro de usuário com CPF não numérico",
                  "fullTitle": "Cadastro de usuário POST / Cadastro de usuário Não deverá permitir cadastro de usuário com CPF não numérico",
                  "timedOut": false,
                  "duration": 4,
                  "state": "passed",
                  "speed": "fast",
                  "pass": true,
                  "fail": false,
                  "pending": false,
                  "context": null,
                  "code": "const novoUsuario = gerarUsuarioFalso();\nconst novoUsuarioCPFInvalido = { ...novoUsuario, cpf: \"0a2s3d4f5g1\" }; // Novo usuário com CPF não numerico\nconst response = await request(process.env.BASE_URL)\n    .post('/users')\n    .set('Content-Type', 'application/json')\n    .send(novoUsuarioCPFInvalido)\nexpect(response.status).to.be.equal(400)\nexpect(response.body.message).to.equal('CPF é obrigatório e deve conter exatamente 11 dígitos numéricos.')",
                  "err": {},
                  "uuid": "59786c80-a49f-4282-9a29-dc80e90fe498",
                  "parentUUID": "b9812a4b-83a0-4d78-b74c-d676b7df092c",
                  "isHook": false,
                  "skipped": false
                },
                {
                  "title": "Não deverá permitir cadastro de usuário com nome com menos de 3 caracteres",
                  "fullTitle": "Cadastro de usuário POST / Cadastro de usuário Não deverá permitir cadastro de usuário com nome com menos de 3 caracteres",
                  "timedOut": false,
                  "duration": 4,
                  "state": "passed",
                  "speed": "fast",
                  "pass": true,
                  "fail": false,
                  "pending": false,
                  "context": null,
                  "code": "const novoUsuario = gerarUsuarioFalso();\nconst novoUsuarioNomeComMenosDeTresCaracteres = { ...novoUsuario, nome: \"Ab\" }; // Novo usuário com nome com menos de 3 caracteres\nconst response = await request(process.env.BASE_URL)\n    .post('/users')\n    .set('Content-Type', 'application/json')\n    .send(novoUsuarioNomeComMenosDeTresCaracteres)\nexpect(response.status).to.be.equal(400)\nexpect(response.body.message).to.equal('Nome é obrigatório e deve conter entre 3 e 100 caracteres.')",
                  "err": {},
                  "uuid": "45d9badf-9960-4540-a7c9-8111a229984e",
                  "parentUUID": "b9812a4b-83a0-4d78-b74c-d676b7df092c",
                  "isHook": false,
                  "skipped": false
                },
                {
                  "title": "Não deverá permitir cadastro de usuário com nome com mais de 100 caracteres",
                  "fullTitle": "Cadastro de usuário POST / Cadastro de usuário Não deverá permitir cadastro de usuário com nome com mais de 100 caracteres",
                  "timedOut": false,
                  "duration": 3,
                  "state": "passed",
                  "speed": "fast",
                  "pass": true,
                  "fail": false,
                  "pending": false,
                  "context": null,
                  "code": "const novoUsuario = gerarUsuarioFalso();\nconst novoUsuarioNomeComMaisDeCemCaracteres = { ...novoUsuario, nome: \"Maximilliano Frederico Antônio Luiz Henrique Sebastião da Silva Monteiro Albuquerque da Souza de Lima\" }; // Novo usuário com nome com mais de 100 caracteres\nconst response = await request(process.env.BASE_URL)\n    .post('/users')\n    .set('Content-Type', 'application/json')\n    .send(novoUsuarioNomeComMaisDeCemCaracteres)\nexpect(response.status).to.be.equal(400)\nexpect(response.body.message).to.equal('Nome é obrigatório e deve conter entre 3 e 100 caracteres.')",
                  "err": {},
                  "uuid": "cafed137-5bfd-46cf-8490-a2fb541c0afc",
                  "parentUUID": "b9812a4b-83a0-4d78-b74c-d676b7df092c",
                  "isHook": false,
                  "skipped": false
                },
                {
                  "title": "Não deverá permitir cadastro de usuário sem preencher data de nascimento",
                  "fullTitle": "Cadastro de usuário POST / Cadastro de usuário Não deverá permitir cadastro de usuário sem preencher data de nascimento",
                  "timedOut": false,
                  "duration": 3,
                  "state": "passed",
                  "speed": "fast",
                  "pass": true,
                  "fail": false,
                  "pending": false,
                  "context": null,
                  "code": "const novoUsuario = gerarUsuarioFalso();\nconst novoUsuarioSemDataDeNascimento = { ...novoUsuario, dataNascimento: \"\" }; // Novo usuário sem preencher data de nascimento\nconst response = await request(process.env.BASE_URL)\n    .post('/users')\n    .set('Content-Type', 'application/json')\n    .send(novoUsuarioSemDataDeNascimento)\nexpect(response.status).to.be.equal(400)\nexpect(response.body.message).to.equal('Data de nascimento é obrigatória e deve estar no formato dd/mm/aaaa.')",
                  "err": {},
                  "uuid": "9f0da4c0-dd5f-4bde-8f51-6ef801e86a01",
                  "parentUUID": "b9812a4b-83a0-4d78-b74c-d676b7df092c",
                  "isHook": false,
                  "skipped": false
                },
                {
                  "title": "Não deverá permitir cadastro de usuário com data de nascimento no formato invalido",
                  "fullTitle": "Cadastro de usuário POST / Cadastro de usuário Não deverá permitir cadastro de usuário com data de nascimento no formato invalido",
                  "timedOut": false,
                  "duration": 3,
                  "state": "passed",
                  "speed": "fast",
                  "pass": true,
                  "fail": false,
                  "pending": false,
                  "context": null,
                  "code": "const novoUsuario = gerarUsuarioFalso();\nconst novoUsuarioComDataDeNascimentoFormatoInvalido = { ...novoUsuario, dataNascimento: \"\" }; // Novo usuário com data de nascimento no formato invalido\nconst response = await request(process.env.BASE_URL)\n    .post('/users')\n    .set('Content-Type', 'application/json')\n    .send(novoUsuarioComDataDeNascimentoFormatoInvalido)\nexpect(response.status).to.be.equal(400)\nexpect(response.body.message).to.equal('Data de nascimento é obrigatória e deve estar no formato dd/mm/aaaa.')",
                  "err": {},
                  "uuid": "941791b6-dc44-4829-a550-6c3f7f20dc45",
                  "parentUUID": "b9812a4b-83a0-4d78-b74c-d676b7df092c",
                  "isHook": false,
                  "skipped": false
                },
                {
                  "title": "Não deverá permitir cadastro de usuário menor de 18 anos",
                  "fullTitle": "Cadastro de usuário POST / Cadastro de usuário Não deverá permitir cadastro de usuário menor de 18 anos",
                  "timedOut": false,
                  "duration": 6,
                  "state": "passed",
                  "speed": "fast",
                  "pass": true,
                  "fail": false,
                  "pending": false,
                  "context": null,
                  "code": "const novoUsuario = gerarUsuarioFalso();\nconst novoUsuarioMenorDeDezoitoAnos = { ...novoUsuario, dataNascimento: \"01/01/2025\" }; // Novo usuário com menor de 18 anos\nconst response = await request(process.env.BASE_URL)\n    .post('/users')\n    .set('Content-Type', 'application/json')\n    .send(novoUsuarioMenorDeDezoitoAnos)\nexpect(response.status).to.be.equal(400)\nexpect(response.body.message).to.equal('Usuário deve ter 18 anos ou mais para se cadastrar.')",
                  "err": {},
                  "uuid": "8ca2a3d2-85c6-41a3-9f66-2fa9155eb554",
                  "parentUUID": "b9812a4b-83a0-4d78-b74c-d676b7df092c",
                  "isHook": false,
                  "skipped": false
                },
                {
                  "title": "Não deverá permitir cadastro de usuário com senha de menos de 5 caracteres",
                  "fullTitle": "Cadastro de usuário POST / Cadastro de usuário Não deverá permitir cadastro de usuário com senha de menos de 5 caracteres",
                  "timedOut": false,
                  "duration": 4,
                  "state": "passed",
                  "speed": "fast",
                  "pass": true,
                  "fail": false,
                  "pending": false,
                  "context": null,
                  "code": "const novoUsuario = gerarUsuarioFalso();\nconst novoUsuarioSenhaComMenosDeCincoCaracteres = { ...novoUsuario, senha: \"a1s2\" }; // Novo usuário com senha menor de 5 caracteres\nconst novoUsuarioSenhaComMenosDeCincoCaracteres2 = { ...novoUsuarioSenhaComMenosDeCincoCaracteres, confirmaSenha: \"a1s2\" }; // Novo usuário com validação senha menor de 5 caracteres\n\nconst response = await request(process.env.BASE_URL)\n    .post('/users')\n    .set('Content-Type', 'application/json')\n    .send(novoUsuarioSenhaComMenosDeCincoCaracteres2)\nexpect(response.status).to.be.equal(400)\nexpect(response.body.message).to.equal('Senha é obrigatória, deve ser alfanumérica e conter entre 5 e 12 caracteres.')",
                  "err": {},
                  "uuid": "7433a9f2-8048-4864-a430-5101c857c25a",
                  "parentUUID": "b9812a4b-83a0-4d78-b74c-d676b7df092c",
                  "isHook": false,
                  "skipped": false
                },
                {
                  "title": "Não deverá permitir cadastro de usuário com senha maior de 12 caracteres",
                  "fullTitle": "Cadastro de usuário POST / Cadastro de usuário Não deverá permitir cadastro de usuário com senha maior de 12 caracteres",
                  "timedOut": false,
                  "duration": 3,
                  "state": "passed",
                  "speed": "fast",
                  "pass": true,
                  "fail": false,
                  "pending": false,
                  "context": null,
                  "code": "const novoUsuario = gerarUsuarioFalso();\nconst novoUsuarioSenhaComMaisDeDozeCaracteres = { ...novoUsuario, senha: \"a1s2d3f4g5h6j\" }; // Novo usuário com senha maior de 12 caracteres\nconst novoUsuarioSenhaComMaisDeDozeCaracteres2 = { ...novoUsuarioSenhaComMaisDeDozeCaracteres, confirmaSenha: \"a1s2d3f4g5h6j\" }; // Novo usuário com confirma senha maior de 12 caracteres\nconst response = await request(process.env.BASE_URL)\n    .post('/users')\n    .set('Content-Type', 'application/json')\n    .send(novoUsuarioSenhaComMaisDeDozeCaracteres2)\nexpect(response.status).to.be.equal(400)\nexpect(response.body.message).to.equal('Senha é obrigatória, deve ser alfanumérica e conter entre 5 e 12 caracteres.')",
                  "err": {},
                  "uuid": "12d0879a-ef83-4eb3-8b5a-65dc91171995",
                  "parentUUID": "b9812a4b-83a0-4d78-b74c-d676b7df092c",
                  "isHook": false,
                  "skipped": false
                },
                {
                  "title": "Não deverá permitir cadastro de usuário com validação senha incorreta",
                  "fullTitle": "Cadastro de usuário POST / Cadastro de usuário Não deverá permitir cadastro de usuário com validação senha incorreta",
                  "timedOut": false,
                  "duration": 3,
                  "state": "passed",
                  "speed": "fast",
                  "pass": true,
                  "fail": false,
                  "pending": false,
                  "context": null,
                  "code": "const novoUsuario = gerarUsuarioFalso();\nconst novoUsuarioValidacaoSenhaInvalida = { ...novoUsuario, senha: \"a1s2d3f4g5h6\" }; // Novo usuário com validação senha incorreta\nconst response = await request(process.env.BASE_URL)\n    .post('/users')\n    .set('Content-Type', 'application/json')\n    .send(novoUsuarioValidacaoSenhaInvalida)\nexpect(response.status).to.be.equal(400)\nexpect(response.body.message).to.equal('Confirmação de senha é obrigatória e deve ser igual à senha.')",
                  "err": {},
                  "uuid": "4cf27a75-2b12-4fb1-b05d-f5b0815ecb60",
                  "parentUUID": "b9812a4b-83a0-4d78-b74c-d676b7df092c",
                  "isHook": false,
                  "skipped": false
                },
                {
                  "title": "Não deverá permitir cadastro de usuário com email em formato invalido",
                  "fullTitle": "Cadastro de usuário POST / Cadastro de usuário Não deverá permitir cadastro de usuário com email em formato invalido",
                  "timedOut": false,
                  "duration": 3,
                  "state": "passed",
                  "speed": "fast",
                  "pass": true,
                  "fail": false,
                  "pending": false,
                  "context": null,
                  "code": "const novoUsuario = gerarUsuarioFalso();\nconst novoUsuarioEmailFormatoInvalido = { ...novoUsuario, email: \"email.fomato.invalido\" }; // Novo usuário com email em formato invalido\nconst response = await request(process.env.BASE_URL)\n    .post('/users')\n    .set('Content-Type', 'application/json')\n    .send(novoUsuarioEmailFormatoInvalido)\nexpect(response.status).to.be.equal(400)\nexpect(response.body.message).to.equal('E-mail é obrigatório e deve possuir um formato válido.')",
                  "err": {},
                  "uuid": "e56ad015-1281-4c68-82ac-55924bb6e58a",
                  "parentUUID": "b9812a4b-83a0-4d78-b74c-d676b7df092c",
                  "isHook": false,
                  "skipped": false
                },
                {
                  "title": "Não deverá permitir cadastro de usuário com endereço com menos de 3 caracteres",
                  "fullTitle": "Cadastro de usuário POST / Cadastro de usuário Não deverá permitir cadastro de usuário com endereço com menos de 3 caracteres",
                  "timedOut": false,
                  "duration": 3,
                  "state": "passed",
                  "speed": "fast",
                  "pass": true,
                  "fail": false,
                  "pending": false,
                  "context": null,
                  "code": "const novoUsuario = gerarUsuarioFalso();\nconst novoUsuarioEnderecoMenorTresCaracteres = { ...novoUsuario, endereco: \"Ab\" }; // Novo usuário com endereço com menos de 3 caracteres\nconst response = await request(process.env.BASE_URL)\n    .post('/users')\n    .set('Content-Type', 'application/json')\n    .send(novoUsuarioEnderecoMenorTresCaracteres)\nexpect(response.status).to.be.equal(400)\nexpect(response.body.message).to.equal('Endereço deve conter entre 3 e 200 caracteres quando informado.')",
                  "err": {},
                  "uuid": "705d7b67-a760-48be-a669-12e5b28cb63f",
                  "parentUUID": "b9812a4b-83a0-4d78-b74c-d676b7df092c",
                  "isHook": false,
                  "skipped": false
                },
                {
                  "title": "Não deverá permitir cadastro de usuário com endereço com mais de 200 caracteres",
                  "fullTitle": "Cadastro de usuário POST / Cadastro de usuário Não deverá permitir cadastro de usuário com endereço com mais de 200 caracteres",
                  "timedOut": false,
                  "duration": 3,
                  "state": "passed",
                  "speed": "fast",
                  "pass": true,
                  "fail": false,
                  "pending": false,
                  "context": null,
                  "code": "const novoUsuario = gerarUsuarioFalso();\nconst novoUsuarioEnderecoMaisDuzentosCaracteres = { ...novoUsuario, endereco: \"Avenida Prof. Doutor Engenheiro Joaquim da Costa e Silva, nº 4721, Bloco D, Apto 1803, Condomínio Jardim Imperial do Sol Nascente, Bairro Monte das Oliveiras, CEP 72345-678, Campo Sereno, Goiás, Brasil\" }; // Novo usuário com endereço com mais de 200 caracteres\nconst response = await request(process.env.BASE_URL)\n    .post('/users')\n    .set('Content-Type', 'application/json')\n    .send(novoUsuarioEnderecoMaisDuzentosCaracteres)\nexpect(response.status).to.be.equal(400)\nexpect(response.body.message).to.equal('Endereço deve conter entre 3 e 200 caracteres quando informado.')",
                  "err": {},
                  "uuid": "796281ff-6239-4e2c-9404-65d6e40ba194",
                  "parentUUID": "b9812a4b-83a0-4d78-b74c-d676b7df092c",
                  "isHook": false,
                  "skipped": false
                },
                {
                  "title": "Não deverá permitir cadastro de usuário com cidade com menos de 3 caracteres",
                  "fullTitle": "Cadastro de usuário POST / Cadastro de usuário Não deverá permitir cadastro de usuário com cidade com menos de 3 caracteres",
                  "timedOut": false,
                  "duration": 2,
                  "state": "passed",
                  "speed": "fast",
                  "pass": true,
                  "fail": false,
                  "pending": false,
                  "context": null,
                  "code": "const novoUsuario = gerarUsuarioFalso();\nconst novoUsuarioCidadeMenorTresCaracteres = { ...novoUsuario, cidade: \"Ab\" }; // Novo usuário com cidade com menos de 3 caracteres\nconst response = await request(process.env.BASE_URL)\n    .post('/users')\n    .set('Content-Type', 'application/json')\n    .send(novoUsuarioCidadeMenorTresCaracteres)\nexpect(response.status).to.be.equal(400)\nexpect(response.body.message).to.equal('Cidade deve conter entre 3 e 100 caracteres quando informada.')",
                  "err": {},
                  "uuid": "dffc3b6f-df7a-490a-8561-eda39b467991",
                  "parentUUID": "b9812a4b-83a0-4d78-b74c-d676b7df092c",
                  "isHook": false,
                  "skipped": false
                },
                {
                  "title": "Não deverá permitir cadastro de usuário com endereço com mais de 200 caracteres",
                  "fullTitle": "Cadastro de usuário POST / Cadastro de usuário Não deverá permitir cadastro de usuário com endereço com mais de 200 caracteres",
                  "timedOut": false,
                  "duration": 2,
                  "state": "passed",
                  "speed": "fast",
                  "pass": true,
                  "fail": false,
                  "pending": false,
                  "context": null,
                  "code": "const novoUsuario = gerarUsuarioFalso();\nconst novoUsuarioCidadeMaisCemCaracteres = { ...novoUsuario, cidade: \"Santa Margarida das Colinas Douradas do Vale Encantado São Jerônimo das Águas Claras Serenas do Norte\" }; // Novo usuário com cidade com mais de 100 caracteres\nconst response = await request(process.env.BASE_URL)\n    .post('/users')\n    .set('Content-Type', 'application/json')\n    .send(novoUsuarioCidadeMaisCemCaracteres)\nexpect(response.status).to.be.equal(400)\nexpect(response.body.message).to.equal('Cidade deve conter entre 3 e 100 caracteres quando informada.')",
                  "err": {},
                  "uuid": "8be55b96-c2c2-4957-9c7a-caef1c52e83e",
                  "parentUUID": "b9812a4b-83a0-4d78-b74c-d676b7df092c",
                  "isHook": false,
                  "skipped": false
                },
                {
                  "title": "Não deverá permitir cadastro de usuário com sigla do estado com menos de 2 caracteres",
                  "fullTitle": "Cadastro de usuário POST / Cadastro de usuário Não deverá permitir cadastro de usuário com sigla do estado com menos de 2 caracteres",
                  "timedOut": false,
                  "duration": 3,
                  "state": "passed",
                  "speed": "fast",
                  "pass": true,
                  "fail": false,
                  "pending": false,
                  "context": null,
                  "code": "const novoUsuario = gerarUsuarioFalso();\nconst novoUsuarioSiglaEstadoMenorDoisCaracteres = { ...novoUsuario, estado: \"A\" }; // com sigla do estado com menos de 2 caracteres\nconst response = await request(process.env.BASE_URL)\n    .post('/users')\n    .set('Content-Type', 'application/json')\n    .send(novoUsuarioSiglaEstadoMenorDoisCaracteres)\nexpect(response.status).to.be.equal(400)\nexpect(response.body.message).to.equal('Estado deve ser informado com 2 letras (sigla), quando informado.')",
                  "err": {},
                  "uuid": "c6dc9b8f-5337-410b-9fab-647c92bd0882",
                  "parentUUID": "b9812a4b-83a0-4d78-b74c-d676b7df092c",
                  "isHook": false,
                  "skipped": false
                },
                {
                  "title": "Não deverá permitir cadastro de usuário com sigla do estado com mais de 2 caracteres",
                  "fullTitle": "Cadastro de usuário POST / Cadastro de usuário Não deverá permitir cadastro de usuário com sigla do estado com mais de 2 caracteres",
                  "timedOut": false,
                  "duration": 3,
                  "state": "passed",
                  "speed": "fast",
                  "pass": true,
                  "fail": false,
                  "pending": false,
                  "context": null,
                  "code": "const novoUsuario = gerarUsuarioFalso();\nconst novoUsuarioSiglaEstadoMaiorDoisCaracteres = { ...novoUsuario, estado: \"ABC\" }; // Novo usuário com sigla do estado com mais de 2 caracteres\nconst response = await request(process.env.BASE_URL)\n    .post('/users')\n    .set('Content-Type', 'application/json')\n    .send(novoUsuarioSiglaEstadoMaiorDoisCaracteres)\nexpect(response.status).to.be.equal(400)\nexpect(response.body.message).to.equal('Estado deve ser informado com 2 letras (sigla), quando informado.')",
                  "err": {},
                  "uuid": "ae8a6295-2606-47f9-afe9-79370929b0ce",
                  "parentUUID": "b9812a4b-83a0-4d78-b74c-d676b7df092c",
                  "isHook": false,
                  "skipped": false
                },
                {
                  "title": "Não deverá permitir cadastro de usuário com numero de telefone com menos de 11 caracteres",
                  "fullTitle": "Cadastro de usuário POST / Cadastro de usuário Não deverá permitir cadastro de usuário com numero de telefone com menos de 11 caracteres",
                  "timedOut": false,
                  "duration": 3,
                  "state": "passed",
                  "speed": "fast",
                  "pass": true,
                  "fail": false,
                  "pending": false,
                  "context": null,
                  "code": "const novoUsuario = gerarUsuarioFalso();\nconst novoUsuarioNUmeroTelefoneMenorOnzeCaracteres = { ...novoUsuario, telefone: \"(11)11111111\" }; // com numero de telefone com menos de 11 caracteres\nconst response = await request(process.env.BASE_URL)\n    .post('/users')\n    .set('Content-Type', 'application/json')\n    .send(novoUsuarioNUmeroTelefoneMenorOnzeCaracteres)\nexpect(response.status).to.be.equal(400)\nexpect(response.body.message).to.equal('Telefone deve conter 11 dígitos (incluindo DDD), quando informado.')",
                  "err": {},
                  "uuid": "fe20b0be-ce3b-406e-9d0d-b2814429ee86",
                  "parentUUID": "b9812a4b-83a0-4d78-b74c-d676b7df092c",
                  "isHook": false,
                  "skipped": false
                },
                {
                  "title": "Não deverá permitir cadastro de usuário com numero de telefone com mais de 11 caracteres",
                  "fullTitle": "Cadastro de usuário POST / Cadastro de usuário Não deverá permitir cadastro de usuário com numero de telefone com mais de 11 caracteres",
                  "timedOut": false,
                  "duration": 2,
                  "state": "passed",
                  "speed": "fast",
                  "pass": true,
                  "fail": false,
                  "pending": false,
                  "context": null,
                  "code": "const novoUsuario = gerarUsuarioFalso();\nconst novoUsuarioNUmeroTelefoneMaiorOnzeCaracteres = { ...novoUsuario, telefone: \"(22)2222222222)\" }; // Novo usuário com numero de telefone com mais de 11 caracteres\nconst response = await request(process.env.BASE_URL)\n    .post('/users')\n    .set('Content-Type', 'application/json')\n    .send(novoUsuarioNUmeroTelefoneMaiorOnzeCaracteres)\nexpect(response.status).to.be.equal(400)\nexpect(response.body.message).to.equal('Telefone deve conter 11 dígitos (incluindo DDD), quando informado.')",
                  "err": {},
                  "uuid": "cf51af57-deee-487c-8bc4-68160ebc2d61",
                  "parentUUID": "b9812a4b-83a0-4d78-b74c-d676b7df092c",
                  "isHook": false,
                  "skipped": false
                }
              ],
              "suites": [],
              "passes": [
                "904ad720-c183-4fe8-ba46-5cee50cfa589",
                "9b91d608-804d-4554-8dde-d083ac44bab1",
                "59786c80-a49f-4282-9a29-dc80e90fe498",
                "45d9badf-9960-4540-a7c9-8111a229984e",
                "cafed137-5bfd-46cf-8490-a2fb541c0afc",
                "9f0da4c0-dd5f-4bde-8f51-6ef801e86a01",
                "941791b6-dc44-4829-a550-6c3f7f20dc45",
                "8ca2a3d2-85c6-41a3-9f66-2fa9155eb554",
                "7433a9f2-8048-4864-a430-5101c857c25a",
                "12d0879a-ef83-4eb3-8b5a-65dc91171995",
                "4cf27a75-2b12-4fb1-b05d-f5b0815ecb60",
                "e56ad015-1281-4c68-82ac-55924bb6e58a",
                "705d7b67-a760-48be-a669-12e5b28cb63f",
                "796281ff-6239-4e2c-9404-65d6e40ba194",
                "dffc3b6f-df7a-490a-8561-eda39b467991",
                "8be55b96-c2c2-4957-9c7a-caef1c52e83e",
                "c6dc9b8f-5337-410b-9fab-647c92bd0882",
                "ae8a6295-2606-47f9-afe9-79370929b0ce",
                "fe20b0be-ce3b-406e-9d0d-b2814429ee86",
                "cf51af57-deee-487c-8bc4-68160ebc2d61"
              ],
              "failures": [],
              "pending": [],
              "skipped": [],
              "duration": 121,
              "root": false,
              "rootEmpty": false,
              "_timeout": 200000
            }
          ],
          "passes": [],
          "failures": [],
          "pending": [],
          "skipped": [],
          "duration": 0,
          "root": false,
          "rootEmpty": false,
          "_timeout": 200000
        }
      ],
      "passes": [],
      "failures": [],
      "pending": [],
      "skipped": [],
      "duration": 0,
      "root": true,
      "rootEmpty": true,
      "_timeout": 200000
    }
  ],
  "meta": {
    "mocha": {
      "version": "11.7.1"
    },
    "mochawesome": {
      "options": {
        "quiet": false,
        "reportFilename": "mochawesome",
        "saveHtml": true,
        "saveJson": true,
        "consoleReporter": "spec",
        "useInlineDiffs": false,
        "code": true
      },
      "version": "7.1.3"
    },
    "marge": {
      "options": null,
      "version": "6.2.0"
    }
  }
}