{
  "stats": {
    "suites": 2,
    "tests": 1,
    "passes": 1,
    "pending": 0,
    "failures": 0,
    "start": "2025-08-19T23:15:43.197Z",
    "end": "2025-08-19T23:15:43.282Z",
    "duration": 85,
    "testsRegistered": 1,
    "passPercent": 100,
    "pendingPercent": 0,
    "other": 0,
    "hasOther": false,
    "skipped": 0,
    "hasSkipped": false
  },
  "results": [
    {
      "uuid": "73d1c580-e066-44b6-8264-197bdf3f4b1d",
      "title": "",
      "fullFile": "C:\\Projetos\\Mentoria 2.0\\portfolio_pessoal\\tests\\cadastro.de.usuario.test.js",
      "file": "\\cadastro.de.usuario.test.js",
      "beforeHooks": [],
      "afterHooks": [],
      "tests": [],
      "suites": [
        {
          "uuid": "5dd6dddd-f74f-4f67-baf2-e50a187d98bd",
          "title": "Cadastro de usuário",
          "fullFile": "C:\\Projetos\\Mentoria 2.0\\portfolio_pessoal\\tests\\cadastro.de.usuario.test.js",
          "file": "\\cadastro.de.usuario.test.js",
          "beforeHooks": [],
          "afterHooks": [],
          "tests": [],
          "suites": [
            {
              "uuid": "724d5699-45c9-4ed2-ab06-330e173ae192",
              "title": "POST / Cadastro de usuário",
              "fullFile": "C:\\Projetos\\Mentoria 2.0\\portfolio_pessoal\\tests\\cadastro.de.usuario.test.js",
              "file": "\\cadastro.de.usuario.test.js",
              "beforeHooks": [],
              "afterHooks": [],
              "tests": [
                {
                  "title": "Cadastro de usuário com sucesso deverá retornar o ID do usuário",
                  "fullTitle": "Cadastro de usuário POST / Cadastro de usuário Cadastro de usuário com sucesso deverá retornar o ID do usuário",
                  "timedOut": false,
                  "duration": 70,
                  "state": "passed",
                  "speed": "medium",
                  "pass": true,
                  "fail": false,
                  "pending": false,
                  "context": null,
                  "code": "const response= await request(process.env.BASE_URL)\n    .post('/users')\n    .set('Content-Type', 'application/json')\n    .send(bodyCadastroUsuario)\n    expect(response.status).to.be.equal(201)",
                  "err": {},
                  "uuid": "863540b8-7be2-462b-9e01-9d6e7334b6b5",
                  "parentUUID": "724d5699-45c9-4ed2-ab06-330e173ae192",
                  "isHook": false,
                  "skipped": false
                }
              ],
              "suites": [],
              "passes": [
                "863540b8-7be2-462b-9e01-9d6e7334b6b5"
              ],
              "failures": [],
              "pending": [],
              "skipped": [],
              "duration": 70,
              "root": false,
              "rootEmpty": false,
              "_timeout": 200000
            }
          ],
          "passes": [],
          "failures": [],
          "pending": [],
          "skipped": [],
          "duration": 0,
          "root": false,
          "rootEmpty": false,
          "_timeout": 200000
        }
      ],
      "passes": [],
      "failures": [],
      "pending": [],
      "skipped": [],
      "duration": 0,
      "root": true,
      "rootEmpty": true,
      "_timeout": 200000
    }
  ],
  "meta": {
    "mocha": {
      "version": "11.7.1"
    },
    "mochawesome": {
      "options": {
        "quiet": false,
        "reportFilename": "mochawesome",
        "saveHtml": true,
        "saveJson": true,
        "consoleReporter": "spec",
        "useInlineDiffs": false,
        "code": true
      },
      "version": "7.1.3"
    },
    "marge": {
      "options": null,
      "version": "6.2.0"
    }
  }
}